生成启动时间为 2014/12/11 9:51:44。
     1>项目“D:\VS2014\CS_LBP\CS_LBP\CS_LBP.vcxproj”在节点 2 上(build 个目标)。
     1>InitializeBuildStatus:
         正在创建“Debug\CS_LBP.unsuccessfulbuild”，因为已指定“AlwaysCreate”。
       ClCompile:
         c:\Development\Microsoft Visual Studio 10.0\VC\bin\CL.exe /c /ZI /nologo /W3 /WX- /Od /Oy- /D WIN32 /D _DEBUG /D _CONSOLE /D _UNICODE /D UNICODE /Gm /EHsc /RTC1 /MDd /GS /fp:precise /Zc:wchar_t /Zc:forScope /Fo"Debug\\" /Fd"Debug\vc100.pdb" /Gd /TP /analyze- /errorReport:prompt main.cpp
         main.cpp
       Link:
         c:\Development\Microsoft Visual Studio 10.0\VC\bin\link.exe /ERRORREPORT:PROMPT /OUT:"D:\VS2014\CS_LBP\Debug\CS_LBP.exe" /INCREMENTAL /NOLOGO opencv_core231d.lib opencv_highgui231d.lib opencv_video231d.lib opencv_ml231d.lib opencv_legacy231d.lib opencv_imgproc231d.lib kernel32.lib user32.lib gdi32.lib winspool.lib comdlg32.lib advapi32.lib shell32.lib ole32.lib oleaut32.lib uuid.lib odbc32.lib odbccp32.lib kernel32.lib user32.lib gdi32.lib winspool.lib comdlg32.lib advapi32.lib shell32.lib ole32.lib oleaut32.lib uuid.lib odbc32.lib odbccp32.lib /MANIFEST /ManifestFile:"Debug\CS_LBP.exe.intermediate.manifest" /MANIFESTUAC:"level='asInvoker' uiAccess='false'" /DEBUG /PDB:"D:\VS2014\CS_LBP\Debug\CS_LBP.pdb" /SUBSYSTEM:CONSOLE /TLBID:1 /DYNAMICBASE /NXCOMPAT /IMPLIB:"D:\VS2014\CS_LBP\Debug\CS_LBP.lib" /MACHINE:X86 Debug\DESCache.obj
         Debug\featureExtractor.obj
         Debug\main.obj
         CS_LBP.vcxproj -> D:\VS2014\CS_LBP\Debug\CS_LBP.exe
       Manifest:
         c:\Program Files\Microsoft SDKs\Windows\v7.0A\bin\mt.exe /nologo /verbose /out:"D:\VS2014\CS_LBP\Debug\CS_LBP.exe.manifest" /manifest Debug\CS_LBP.exe.intermediate.manifest
       FinalizeBuildStatus:
         正在删除文件“Debug\CS_LBP.unsuccessfulbuild”。
         正在对“Debug\CS_LBP.lastbuildstate”执行 Touch 任务。
     1>已完成生成项目“D:\VS2014\CS_LBP\CS_LBP\CS_LBP.vcxproj”(build 个目标)的操作。

生成成功。

已用时间 00:00:03.92
